Tue May 23 17:17:21 CST 2023 : Apache Derby Network Server - 10.11.1.2 - (1629631) started and ready to accept connections on port 1527
----------------------------------------------------------------
Tue May 23 17:17:22 CST 2023:
Booting Derby version The Apache Software Foundation - Apache Derby - 10.11.1.2 - (1629631): instance a816c00e-0188-47e6-186b-00005d82fbfd 
on database directory C:\Users\MM\Documents\GitHub\LibrarySystem_6.9\Database\accounts with class loader sun.misc.Launcher$AppClassLoader@1d44bcfa 
Loaded from file:/C:/Program%20Files/Java/jdk1.8.0_141/db/lib/derby.jar
java.vendor=Oracle Corporation
java.runtime.version=1.8.0_141-b15
user.dir=C:\Program Files\Java\jdk1.8.0_141\db
os.name=Windows 10
os.arch=amd64
os.version=10.0
derby.system.home=C:\Users\MM\Documents\GitHub\LibrarySystem_6.9\Database
Database Class Loader started - derby.database.classpath=''
----------------------------------------------------------------
Tue May 23 17:17:23 CST 2023:
Booting Derby version The Apache Software Foundation - Apache Derby - 10.11.1.2 - (1629631): instance e0b94027-0188-47e6-186b-00005d82fbfd 
on database directory C:\Users\MM\Documents\GitHub\LibrarySystem_6.9\Database\books with class loader sun.misc.Launcher$AppClassLoader@1d44bcfa 
Loaded from file:/C:/Program%20Files/Java/jdk1.8.0_141/db/lib/derby.jar
java.vendor=Oracle Corporation
java.runtime.version=1.8.0_141-b15
user.dir=C:\Program Files\Java\jdk1.8.0_141\db
os.name=Windows 10
os.arch=amd64
os.version=10.0
derby.system.home=C:\Users\MM\Documents\GitHub\LibrarySystem_6.9\Database
Database Class Loader started - derby.database.classpath=''
